|j|☆totosstonenene
|j|☆TheArnazingMirror
|t:|1641744780
|gametype|singles
|player|p1|totosstonenene|pokemonbreeder-gen4|1253
|player|p2|TheArnazingMirror|hilbert|1200
|teamsize|p1|6
|teamsize|p2|6
|gen|8
|tier|[Gen 8] OU
|rated|
|rule|Sleep Clause Mod: Limit one foe put to sleep
|rule|Species Clause: Limit one of each Pokémon
|rule|OHKO Clause: OHKO moves are banned
|rule|Evasion Moves Clause: Evasion moves are banned
|rule|Endless Battle Clause: Forcing endless battles is banned
|rule|HP Percentage Mod: HP is shown in percentages
|rule|Dynamax Clause: You cannot dynamax
|clearpoke
|poke|p1|Landorus-Therian, M|
|poke|p1|Toxtricity, M|
|poke|p1|Ferrothorn, F|
|poke|p1|Slowbro, M|
|poke|p1|Weavile, M|
|poke|p1|Entei|
|poke|p2|Tapu Lele|
|poke|p2|Victini|
|poke|p2|Landorus-Therian, M|
|poke|p2|Kartana|
|poke|p2|Melmetal|
|poke|p2|Dragapult, F|
|teampreview
|inactive|Battle timer is ON: inactive players will automatically lose when time's up. (requested by TheArnazingMirror)
|c|☆TheArnazingMirror|Glhf
|c|☆totosstonenene|u2
|
|t:|1641744797
|start
|switch|p1a: Toxtricity|Toxtricity, M|100/100
|switch|p2a: Tapu Lele|Tapu Lele|100/100
|-fieldstart|move: Psychic Terrain|[from] ability: Psychic Surge|[of] p2a: Tapu Lele
|turn|1
|c|☆TheArnazingMirror|ty
|
|t:|1641744807
|move|p2a: Tapu Lele|Psyshock|p1a: Toxtricity
|-supereffective|p1a: Toxtricity
|-damage|p1a: Toxtricity|0 fnt
|faint|p1a: Toxtricity
|
|upkeep
|-message|totosstonenene forfeited.
|
|win|TheArnazingMirror
|raw|totosstonenene's rating: 1253 &rarr; <strong>1224</strong><br />(-29 for losing)
|raw|TheArnazingMirror's rating: 1200 &rarr; <strong>1229</strong><br />(+29 for winning)
|l|☆totosstonenene
|c|☆TheArnazingMirror|gg
