|j|☆Mymomdeeznuts420
|j|☆mauvaise journee
|t:|1641839123
|gametype|singles
|player|p1|Mymomdeeznuts420|fantina|1046
|player|p2|mauvaise journee|101|1041
|teamsize|p1|6
|teamsize|p2|6
|gen|8
|tier|[Gen 8] OU
|rated|
|rule|Sleep Clause Mod: Limit one foe put to sleep
|rule|Species Clause: Limit one of each Pokémon
|rule|OHKO Clause: OHKO moves are banned
|rule|Evasion Moves Clause: Evasion moves are banned
|rule|Endless Battle Clause: Forcing endless battles is banned
|rule|HP Percentage Mod: HP is shown in percentages
|rule|Dynamax Clause: You cannot dynamax
|clearpoke
|poke|p1|Mew|
|poke|p1|Garchomp, M|
|poke|p1|Clefable, F|
|poke|p1|Heatran, F|
|poke|p1|Bisharp, M|
|poke|p1|Ferrothorn, M|
|poke|p2|Pelipper, M|
|poke|p2|Barraskewda, F|
|poke|p2|Ferrothorn, M|
|poke|p2|Toxapex, F|
|poke|p2|Regieleki|
|poke|p2|Landorus-Therian, M|
|teampreview
|
|t:|1641839128
|start
|switch|p1a: Just a cat|Mew, shiny|100/100
|switch|p2a: Pterodactyle|Pelipper, M|100/100
|-weather|RainDance|[from] ability: Drizzle|[of] p2a: Pterodactyle
|turn|1
|
|t:|1641839141
|move|p2a: Pterodactyle|Hydro Pump|p1a: Just a cat|[miss]
|-miss|p2a: Pterodactyle|p1a: Just a cat
|move|p1a: Just a cat|Imprison|p1a: Just a cat
|-start|p1a: Just a cat|move: Imprison
|
|-weather|RainDance|[upkeep]
|upkeep
|turn|2
|-message|mauvaise journee forfeited.
|
|win|Mymomdeeznuts420
|raw|Mymomdeeznuts420's rating: 1046 &rarr; <strong>1079</strong><br />(+33 for winning)
|raw|mauvaise journee's rating: 1041 &rarr; <strong>1025</strong><br />(-16 for losing)
|l|☆mauvaise journee
||Ladder isn't responding, score probably updated but might not have (Request timeout).
