|j|☆poke.swf
|j|☆belfegor4all
|t:|1641714023
|gametype|singles
|player|p1|poke.swf|dawn|1210
|player|p2|belfegor4all|hilda-wonderlauncher|1237
|teamsize|p1|6
|teamsize|p2|6
|gen|8
|tier|[Gen 8] OU
|rated|
|rule|Sleep Clause Mod: Limit one foe put to sleep
|rule|Species Clause: Limit one of each Pokémon
|rule|OHKO Clause: OHKO moves are banned
|rule|Evasion Moves Clause: Evasion moves are banned
|rule|Endless Battle Clause: Forcing endless battles is banned
|rule|HP Percentage Mod: HP is shown in percentages
|rule|Dynamax Clause: You cannot dynamax
|clearpoke
|poke|p1|Entei|
|poke|p1|Galvantula, F|
|poke|p1|Blissey, F|
|poke|p1|Scizor, F|
|poke|p1|Hawlucha, M|
|poke|p1|Tentacruel, M|
|poke|p2|Bisharp, M|
|poke|p2|Dragapult, M|
|poke|p2|Gyarados, M|
|poke|p2|Hydreigon, M|
|poke|p2|Ferrothorn, M|
|poke|p2|Togekiss, F|
|teampreview
|inactive|Battle timer is ON: inactive players will automatically lose when time's up. (requested by belfegor4all)
|
|t:|1641714047
|start
|switch|p1a: Entei|Entei|100/100
|switch|p2a: Gyarados|Gyarados, M, shiny|100/100
|turn|1
|
|t:|1641714063
|switch|p1a: Tentacruel|Tentacruel, M|100/100
|move|p2a: Gyarados|Dragon Dance|p2a: Gyarados
|-boost|p2a: Gyarados|atk|1
|-boost|p2a: Gyarados|spe|1
|
|upkeep
|turn|2
|
|t:|1641714070
|move|p2a: Gyarados|Dragon Dance|p2a: Gyarados
|-boost|p2a: Gyarados|atk|1
|-boost|p2a: Gyarados|spe|1
|move|p1a: Tentacruel|Icy Wind|p2a: Gyarados
|-damage|p2a: Gyarados|90/100
|-unboost|p2a: Gyarados|spe|1
|
|upkeep
|turn|3
|
|t:|1641714078
|move|p2a: Gyarados|Earthquake|p1a: Tentacruel
|-supereffective|p1a: Tentacruel
|-damage|p1a: Tentacruel|0 fnt
|faint|p1a: Tentacruel
|-ability|p2a: Gyarados|Moxie|boost
|-boost|p2a: Gyarados|atk|1
|
|upkeep
|
|t:|1641714089
|switch|p1a: Hawlucha|Hawlucha, M|100/100
|turn|4
|
|t:|1641714094
|move|p2a: Gyarados|Ice Fang|p1a: Hawlucha
|-supereffective|p1a: Hawlucha
|-damage|p1a: Hawlucha|0 fnt
|faint|p1a: Hawlucha
|-ability|p2a: Gyarados|Moxie|boost
|-boost|p2a: Gyarados|atk|1
|
|upkeep
|-message|poke.swf forfeited.
|
|win|belfegor4all
|raw|poke.swf's rating: 1210 &rarr; <strong>1187</strong><br />(-23 for losing)
|raw|belfegor4all's rating: 1237 &rarr; <strong>1260</strong><br />(+23 for winning)
|l|☆poke.swf
|c|☆belfegor4all|gg
