|j|☆lovepeaceharmony
|j|☆UnusualFighter
|t:|1641863989
|gametype|singles
|player|p1|lovepeaceharmony|pokekid|1373
|player|p2|UnusualFighter|giovanni|1319
|teamsize|p1|6
|teamsize|p2|6
|gen|8
|tier|[Gen 8] OU
|rated|
|rule|Sleep Clause Mod: Limit one foe put to sleep
|rule|Species Clause: Limit one of each Pokémon
|rule|OHKO Clause: OHKO moves are banned
|rule|Evasion Moves Clause: Evasion moves are banned
|rule|Endless Battle Clause: Forcing endless battles is banned
|rule|HP Percentage Mod: HP is shown in percentages
|rule|Dynamax Clause: You cannot dynamax
|clearpoke
|poke|p1|Buzzwole|
|poke|p1|Magnezone|
|poke|p1|Grimmsnarl, M|
|poke|p1|Hydreigon, F|
|poke|p1|Zapdos|
|poke|p1|Tapu Lele|
|poke|p2|Clefable, F|
|poke|p2|Volcarona, F|
|poke|p2|Urshifu-*, M|
|poke|p2|Ferrothorn, F|
|poke|p2|Tyranitar, M|
|poke|p2|Dragapult, F|
|teampreview
|inactive|Battle timer is ON: inactive players will automatically lose when time's up. (requested by UnusualFighter)
|inactive|lovepeaceharmony also wants the timer to be on.
|
|t:|1641864006
|start
|switch|p1a: Grimmsnarl|Grimmsnarl, M|100/100
|switch|p2a: (OwO)|Clefable, F|100/100
|turn|1
|
|t:|1641864009
|switch|p1a: Magnezone|Magnezone|100/100
|move|p2a: (OwO)|Calm Mind|p2a: (OwO)
|-boost|p2a: (OwO)|spa|1
|-boost|p2a: (OwO)|spd|1
|
|upkeep
|turn|2
|
|t:|1641864015
|move|p2a: (OwO)|Flamethrower|p1a: Magnezone
|-supereffective|p1a: Magnezone
|-crit|p1a: Magnezone
|-damage|p1a: Magnezone|0 fnt
|faint|p1a: Magnezone
|
|upkeep
|-message|lovepeaceharmony forfeited.
|
|win|UnusualFighter
|raw|lovepeaceharmony's rating: 1373 &rarr; <strong>1350</strong><br />(-23 for losing)
|raw|UnusualFighter's rating: 1319 &rarr; <strong>1342</strong><br />(+23 for winning)
|l|☆lovepeaceharmony
|c|☆UnusualFighter|gg
|c|☆UnusualFighter|wow that was fast
|j| Josphus48
|j| best to be worst
|j| marcokb24
|j| JoshyBoi5
