|j|☆Towtal
|j|☆Pandora11
|t:|1641833341
|gametype|singles
|player|p1|Towtal|cress|1039
|player|p2|Pandora11|101|1000
|teamsize|p1|6
|teamsize|p2|6
|gen|8
|tier|[Gen 8] OU
|rated|
|rule|Sleep Clause Mod: Limit one foe put to sleep
|rule|Species Clause: Limit one of each Pokémon
|rule|OHKO Clause: OHKO moves are banned
|rule|Evasion Moves Clause: Evasion moves are banned
|rule|Endless Battle Clause: Forcing endless battles is banned
|rule|HP Percentage Mod: HP is shown in percentages
|rule|Dynamax Clause: You cannot dynamax
|clearpoke
|poke|p1|Keldeo-Resolute|
|poke|p1|Rapidash-Galar, F|
|poke|p1|Cobalion|
|poke|p1|Mudsdale, M|
|poke|p1|Virizion|
|poke|p1|Kingdra, F|
|poke|p2|Hawlucha, M|
|poke|p2|Hatterene, F|
|poke|p2|Grimmsnarl, M|
|poke|p2|Dragapult, M|
|poke|p2|Rotom-Mow|
|poke|p2|Bisharp, F|
|teampreview
|c|☆Towtal|horses :D
|
|t:|1641833367
|start
|switch|p1a: Rapidash|Rapidash-Galar, F|100/100
|switch|p2a: Dragapult|Dragapult, M|100/100
|turn|1
|
|t:|1641833391
|move|p1a: Rapidash|Play Rough|p2a: Dragapult
|-supereffective|p2a: Dragapult
|-damage|p2a: Dragapult|0 fnt
|faint|p2a: Dragapult
|
|upkeep
|-message|Pandora11 forfeited.
|
|win|Towtal
|raw|Towtal's rating: 1039 &rarr; <strong>1069</strong><br />(+30 for winning)
|raw|Pandora11's rating: 1000 &rarr; <strong>1000</strong><br />(+0 for losing)
|l|☆Pandora11
||Ladder isn't responding, score probably updated but might not have (Request timeout).
