|j|☆Immagamer
|j|☆jnkjnkjnkj
|t:|1641766068
|gametype|singles
|player|p1|Immagamer|169|1212
|player|p2|jnkjnkjnkj|youngcouple-gen4dp|1242
|teamsize|p1|6
|teamsize|p2|6
|gen|8
|tier|[Gen 8] OU
|rated|
|rule|Sleep Clause Mod: Limit one foe put to sleep
|rule|Species Clause: Limit one of each Pokémon
|rule|OHKO Clause: OHKO moves are banned
|rule|Evasion Moves Clause: Evasion moves are banned
|rule|Endless Battle Clause: Forcing endless battles is banned
|rule|HP Percentage Mod: HP is shown in percentages
|rule|Dynamax Clause: You cannot dynamax
|clearpoke
|poke|p1|Crawdaunt, M|
|poke|p1|Nidoking, M|
|poke|p1|Zeraora|
|poke|p1|Chansey, F|
|poke|p1|Tangrowth, F|
|poke|p1|Tapu Fini|
|poke|p2|Landorus-Therian, M|
|poke|p2|Dragapult, M|
|poke|p2|Scizor, F|
|poke|p2|Tapu Koko|
|poke|p2|Weavile, M|
|poke|p2|Slowbro, F|
|teampreview
|inactive|Battle timer is ON: inactive players will automatically lose when time's up. (requested by Immagamer)
|
|t:|1641766100
|start
|switch|p1a: Nidoking|Nidoking, M|100/100
|switch|p2a: Tapu Koko|Tapu Koko|100/100
|-fieldstart|move: Electric Terrain|[from] ability: Electric Surge|[of] p2a: Tapu Koko
|turn|1
|
|t:|1641766112
|move|p2a: Tapu Koko|U-turn|p1a: Nidoking
|-resisted|p1a: Nidoking
|-damage|p1a: Nidoking|88/100
|
|t:|1641766128
|switch|p2a: Landorus|Landorus-Therian, M|100/100|[from]move: U-turn
|-ability|p2a: Landorus|Intimidate|boost
|-unboost|p1a: Nidoking|atk|1
|move|p1a: Nidoking|Ice Beam|p2a: Landorus
|-supereffective|p2a: Landorus
|-damage|p2a: Landorus|0 fnt
|faint|p2a: Landorus
|
|upkeep
|
|t:|1641766131
|switch|p2a: Slowbro|Slowbro, F|100/100
|turn|2
|
|t:|1641766139
|move|p1a: Nidoking|Sludge Wave|p2a: Slowbro
|-damage|p2a: Slowbro|40/100
|move|p2a: Slowbro|Psychic|p1a: Nidoking
|-supereffective|p1a: Nidoking
|-damage|p1a: Nidoking|1/100
|
|-heal|p2a: Slowbro|46/100|[from] item: Leftovers
|upkeep
|turn|3
|
|t:|1641766151
|switch|p2a: Scizor|Scizor, F|100/100
|move|p1a: Nidoking|Earth Power|p2a: Scizor
|-damage|p2a: Scizor|29/100
|
|upkeep
|turn|4
|
|t:|1641766159
|move|p2a: Scizor|Bullet Punch|p1a: Nidoking
|-damage|p1a: Nidoking|0 fnt
|faint|p1a: Nidoking
|-damage|p2a: Scizor|19/100|[from] item: Life Orb
|
|upkeep
|-message|jnkjnkjnkj forfeited.
|
|win|Immagamer
|raw|Immagamer's rating: 1212 &rarr; <strong>1239</strong><br />(+27 for winning)
|raw|jnkjnkjnkj's rating: 1242 &rarr; <strong>1215</strong><br />(-27 for losing)
|l|☆jnkjnkjnkj
